app/build/intermediates/manifest_merge_blame_file/debug/manifest-merger-blame-debug-report.txt
1<?xml version="1.0" encoding="utf-8"?>
2<manifest xmlns:android="http://schemas.android.com/apk/res/android"
3    package="ceng.gui.sportmate"
4    android:versionCode="1"
5    android:versionName="1.0" >
6
7    <uses-sdk
8        android:minSdkVersion="21"
8-->src\main\AndroidManifest.xml
9        android:targetSdkVersion="29" />
9-->src\main\AndroidManifest.xml
10
11    <uses-permission android:name="android.permission.INTERNET" />
11-->src\main\AndroidManifest.xml:5:5-67
11-->src\main\AndroidManifest.xml:5:22-64
12    <uses-permission android:name="android.permission.WRITE_EXTERNAL_STORAGE" />
12-->src\main\AndroidManifest.xml:6:5-81
12-->src\main\AndroidManifest.xml:6:22-78
13    <uses-permission android:name="android.permission.READ_EXTERNAL_STORAGE" />
13-->src\main\AndroidManifest.xml:7:5-80
13-->src\main\AndroidManifest.xml:7:22-77
14    <uses-permission android:name="android.permission.CAMERA" />
14-->src\main\AndroidManifest.xml:8:5-65
14-->src\main\AndroidManifest.xml:8:22-62
15
16    <!-- Although the *SdkVersion is captured in gradle build files, this is required for non gradle builds -->
17    <!-- <uses-sdk android:minSdkVersion="14"/> -->
18    <uses-permission android:name="android.permission.ACCESS_NETWORK_STATE" />
18-->[com.google.firebase:firebase-database:19.2.0] AndroidManifest.xml:25:5-79
18-->[com.google.firebase:firebase-database:19.2.0] AndroidManifest.xml:25:22-76
19    <uses-permission android:name="android.permission.WAKE_LOCK" /> <!-- Required by older versions of Google Play services to create IID tokens -->
19-->[com.google.android.gms:play-services-measurement-api:17.2.1] AndroidManifest.xml:24:5-68
19-->[com.google.android.gms:play-services-measurement-api:17.2.1] AndroidManifest.xml:24:22-65
20    <uses-permission android:name="com.google.android.c2dm.permission.RECEIVE" />
20-->[com.google.firebase:firebase-iid:20.0.2] AndroidManifest.xml:26:5-82
20-->[com.google.firebase:firebase-iid:20.0.2] AndroidManifest.xml:26:22-79
21    <uses-permission android:name="com.google.android.finsky.permission.BIND_GET_INSTALL_REFERRER_SERVICE" />
21-->[com.google.android.gms:play-services-measurement:17.2.1] AndroidManifest.xml:26:5-110
21-->[com.google.android.gms:play-services-measurement:17.2.1] AndroidManifest.xml:26:22-107
22
23    <application
23-->src\main\AndroidManifest.xml:10:5-64:19
24        android:allowBackup="true"
24-->src\main\AndroidManifest.xml:11:9-35
25        android:appComponentFactory="androidx.core.app.CoreComponentFactory"
25-->[androidx.core:core:1.1.0] AndroidManifest.xml:24:18-86
26        android:debuggable="true"
27        android:icon="@mipmap/ic_logo"
27-->src\main\AndroidManifest.xml:12:9-39
28        android:label="@string/app_name"
28-->src\main\AndroidManifest.xml:13:9-41
29        android:requestLegacyExternalStorage="true"
29-->src\main\AndroidManifest.xml:14:9-52
30        android:roundIcon="@mipmap/ic_logo_round"
30-->src\main\AndroidManifest.xml:15:9-50
31        android:supportsRtl="true"
31-->src\main\AndroidManifest.xml:16:9-35
32        android:testOnly="true"
33        android:theme="@style/AppTheme" >
33-->src\main\AndroidManifest.xml:17:9-40
34        <activity android:name="ceng.gui.sportmate.EditProfileActivity" />
34-->src\main\AndroidManifest.xml:18:9-57
34-->src\main\AndroidManifest.xml:18:19-54
35        <activity android:name="ceng.gui.sportmate.MessageBoxActivity" />
35-->src\main\AndroidManifest.xml:19:9-56
35-->src\main\AndroidManifest.xml:19:19-53
36        <activity android:name="ceng.gui.sportmate.UsersProfileActivity" />
36-->src\main\AndroidManifest.xml:20:9-58
36-->src\main\AndroidManifest.xml:20:19-55
37        <activity android:name="ceng.gui.sportmate.MessageActivity" />
37-->src\main\AndroidManifest.xml:21:9-53
37-->src\main\AndroidManifest.xml:21:19-50
38        <activity android:name="ceng.gui.sportmate.TopicDetailsActivity" />
38-->src\main\AndroidManifest.xml:22:9-58
38-->src\main\AndroidManifest.xml:22:19-55
39        <activity
39-->src\main\AndroidManifest.xml:23:9-25:58
40            android:name="ceng.gui.sportmate.CreateTopicActivity"
40-->src\main\AndroidManifest.xml:24:13-48
41            android:windowSoftInputMode="adjustResize" />
41-->src\main\AndroidManifest.xml:25:13-55
42        <activity
42-->src\main\AndroidManifest.xml:26:9-28:58
43            android:name="ceng.gui.sportmate.ForgotPasswordActivity"
43-->src\main\AndroidManifest.xml:27:13-51
44            android:windowSoftInputMode="adjustResize" />
44-->src\main\AndroidManifest.xml:28:13-55
45        <activity
45-->src\main\AndroidManifest.xml:29:9-31:58
46            android:name="ceng.gui.sportmate.SignupActivity"
46-->src\main\AndroidManifest.xml:30:13-43
47            android:windowSoftInputMode="adjustResize" />
47-->src\main\AndroidManifest.xml:31:13-55
48        <activity android:name="ceng.gui.sportmate.InitialActivity" />
48-->src\main\AndroidManifest.xml:32:9-53
48-->src\main\AndroidManifest.xml:32:19-50
49        <activity
49-->src\main\AndroidManifest.xml:33:9-43:20
50            android:name="ceng.gui.sportmate.MainActivity"
50-->src\main\AndroidManifest.xml:34:13-41
51            android:windowSoftInputMode="adjustResize" >
51-->src\main\AndroidManifest.xml:35:13-55
52            <intent-filter>
52-->src\main\AndroidManifest.xml:36:13-41:29
53                <action android:name="android.intent.action.MAIN" />
53-->src\main\AndroidManifest.xml:37:17-69
53-->src\main\AndroidManifest.xml:37:25-66
54                <action android:name="android.intent.action.VIEW" />
54-->src\main\AndroidManifest.xml:38:17-69
54-->src\main\AndroidManifest.xml:38:25-66
55
56                <category android:name="android.intent.category.LAUNCHER" />
56-->src\main\AndroidManifest.xml:40:17-77
56-->src\main\AndroidManifest.xml:40:27-74
57            </intent-filter>
58        </activity>
59
60        <service
60-->src\main\AndroidManifest.xml:45:9-51:19
61            android:name="ceng.gui.sportmate.notification.MyFirebaseIdService"
61-->src\main\AndroidManifest.xml:45:18-66
62            android:enabled="true"
62-->src\main\AndroidManifest.xml:46:13-35
63            android:exported="true" >
63-->src\main\AndroidManifest.xml:47:13-36
64            <intent-filter>
64-->src\main\AndroidManifest.xml:48:13-50:29
65                <action android:name="com.google.firebase.INSTANCE_ID_EVENT" />
65-->src\main\AndroidManifest.xml:49:17-79
65-->src\main\AndroidManifest.xml:49:25-77
66            </intent-filter>
67        </service>
68        <service
68-->src\main\AndroidManifest.xml:53:9-59:19
69            android:name="ceng.gui.sportmate.notification.MyFirebaseMessaging"
69-->src\main\AndroidManifest.xml:53:18-66
70            android:enabled="true"
70-->src\main\AndroidManifest.xml:54:13-35
71            android:exported="true" >
71-->src\main\AndroidManifest.xml:55:13-36
72            <intent-filter>
72-->src\main\AndroidManifest.xml:56:13-58:29
73                <action android:name="com.google.firebase.MESSAGING_EVENT" />
73-->src\main\AndroidManifest.xml:57:17-77
73-->src\main\AndroidManifest.xml:57:25-75
74            </intent-filter>
75        </service>
76
77        <meta-data
77-->src\main\AndroidManifest.xml:61:9-63:57
78            android:name="preloaded_fonts"
78-->src\main\AndroidManifest.xml:62:13-43
79            android:resource="@array/preloaded_fonts" />
79-->src\main\AndroidManifest.xml:63:13-54
80
81        <activity
81-->[com.google.firebase:firebase-auth:19.2.0] AndroidManifest.xml:24:9-31:50
82            android:name="com.google.firebase.auth.internal.FederatedSignInActivity"
82-->[com.google.firebase:firebase-auth:19.2.0] AndroidManifest.xml:25:13-85
83            android:excludeFromRecents="true"
83-->[com.google.firebase:firebase-auth:19.2.0] AndroidManifest.xml:26:13-46
84            android:exported="true"
84-->[com.google.firebase:firebase-auth:19.2.0] AndroidManifest.xml:27:13-36
85            android:launchMode="singleTask"
85-->[com.google.firebase:firebase-auth:19.2.0] AndroidManifest.xml:28:13-44
86            android:permission="com.google.firebase.auth.api.gms.permission.LAUNCH_FEDERATED_SIGN_IN"
86-->[com.google.firebase:firebase-auth:19.2.0] AndroidManifest.xml:29:13-102
87            android:theme="@android:style/Theme.Translucent.NoTitleBar" />
87-->[com.google.firebase:firebase-auth:19.2.0] AndroidManifest.xml:30:13-72
88
89        <service
89-->[com.google.firebase:firebase-auth:19.2.0] AndroidManifest.xml:33:9-39:19
90            android:name="com.google.firebase.components.ComponentDiscoveryService"
90-->[com.google.firebase:firebase-auth:19.2.0] AndroidManifest.xml:34:13-84
91            android:directBootAware="true"
91-->[com.google.firebase:firebase-common:19.3.0] AndroidManifest.xml:34:13-43
92            android:exported="false" >
92-->[com.google.firebase:firebase-auth:19.2.0] AndroidManifest.xml:35:13-37
93            <meta-data
93-->[com.google.firebase:firebase-auth:19.2.0] AndroidManifest.xml:36:13-38:85
94                android:name="com.google.firebase.components:com.google.firebase.auth.FirebaseAuthRegistrar"
94-->[com.google.firebase:firebase-auth:19.2.0] AndroidManifest.xml:37:17-109
95                android:value="com.google.firebase.components.ComponentRegistrar" />
95-->[com.google.firebase:firebase-auth:19.2.0] AndroidManifest.xml:38:17-82
96            <meta-data
96-->[com.google.firebase:firebase-database:19.2.0] AndroidManifest.xml:32:13-34:85
97                android:name="com.google.firebase.components:com.google.firebase.database.DatabaseRegistrar"
97-->[com.google.firebase:firebase-database:19.2.0] AndroidManifest.xml:33:17-109
98                android:value="com.google.firebase.components.ComponentRegistrar" />
98-->[com.google.firebase:firebase-database:19.2.0] AndroidManifest.xml:34:17-82
99            <meta-data
99-->[com.google.firebase:firebase-storage:19.1.0] AndroidManifest.xml:33:13-35:85
100                android:name="com.google.firebase.components:com.google.firebase.storage.StorageRegistrar"
100-->[com.google.firebase:firebase-storage:19.1.0] AndroidManifest.xml:34:17-107
101                android:value="com.google.firebase.components.ComponentRegistrar" />
101-->[com.google.firebase:firebase-storage:19.1.0] AndroidManifest.xml:35:17-82
102            <meta-data
102-->[com.google.firebase:firebase-messaging:20.1.0] AndroidManifest.xml:38:13-40:85
103                android:name="com.google.firebase.components:com.google.firebase.messaging.FirebaseMessagingRegistrar"
103-->[com.google.firebase:firebase-messaging:20.1.0] AndroidManifest.xml:39:17-119
104                android:value="com.google.firebase.components.ComponentRegistrar" />
104-->[com.google.firebase:firebase-messaging:20.1.0] AndroidManifest.xml:40:17-82
105            <meta-data
105-->[com.google.android.gms:play-services-measurement-api:17.2.1] AndroidManifest.xml:30:13-32:85
106                android:name="com.google.firebase.components:com.google.firebase.analytics.connector.internal.AnalyticsConnectorRegistrar"
106-->[com.google.android.gms:play-services-measurement-api:17.2.1] AndroidManifest.xml:31:17-139
107                android:value="com.google.firebase.components.ComponentRegistrar" />
107-->[com.google.android.gms:play-services-measurement-api:17.2.1] AndroidManifest.xml:32:17-82
108            <meta-data
108-->[com.google.firebase:firebase-iid:20.0.2] AndroidManifest.xml:32:13-34:85
109                android:name="com.google.firebase.components:com.google.firebase.iid.Registrar"
109-->[com.google.firebase:firebase-iid:20.0.2] AndroidManifest.xml:33:17-96
110                android:value="com.google.firebase.components.ComponentRegistrar" />
110-->[com.google.firebase:firebase-iid:20.0.2] AndroidManifest.xml:34:17-82
111            <meta-data
111-->[com.google.firebase:firebase-datatransport:17.0.3] AndroidManifest.xml:28:13-30:85
112                android:name="com.google.firebase.components:com.google.firebase.datatransport.TransportRegistrar"
112-->[com.google.firebase:firebase-datatransport:17.0.3] AndroidManifest.xml:29:17-115
113                android:value="com.google.firebase.components.ComponentRegistrar" />
113-->[com.google.firebase:firebase-datatransport:17.0.3] AndroidManifest.xml:30:17-82
114        </service>
115        <!--
116             FirebaseMessagingService performs security checks at runtime,
117             but set to not exported to explicitly avoid allowing another app to call it.
118        -->
119        <service
119-->[com.google.firebase:firebase-messaging:20.1.0] AndroidManifest.xml:28:9-34:19
120            android:name="com.google.firebase.messaging.FirebaseMessagingService"
120-->[com.google.firebase:firebase-messaging:20.1.0] AndroidManifest.xml:29:13-82
121            android:exported="false" >
121-->[com.google.firebase:firebase-messaging:20.1.0] AndroidManifest.xml:30:13-37
122            <intent-filter android:priority="-500" >
122-->src\main\AndroidManifest.xml:56:13-58:29
123                <action android:name="com.google.firebase.MESSAGING_EVENT" />
123-->src\main\AndroidManifest.xml:57:17-77
123-->src\main\AndroidManifest.xml:57:25-75
124            </intent-filter>
125        </service>
126
127        <receiver
127-->[com.google.firebase:firebase-iid:20.0.2] AndroidManifest.xml:37:9-44:20
128            android:name="com.google.firebase.iid.FirebaseInstanceIdReceiver"
128-->[com.google.firebase:firebase-iid:20.0.2] AndroidManifest.xml:38:13-78
129            android:exported="true"
129-->[com.google.firebase:firebase-iid:20.0.2] AndroidManifest.xml:39:13-36
130            android:permission="com.google.android.c2dm.permission.SEND" >
130-->[com.google.firebase:firebase-iid:20.0.2] AndroidManifest.xml:40:13-73
131            <intent-filter>
131-->[com.google.firebase:firebase-iid:20.0.2] AndroidManifest.xml:41:13-43:29
132                <action android:name="com.google.android.c2dm.intent.RECEIVE" />
132-->[com.google.firebase:firebase-iid:20.0.2] AndroidManifest.xml:42:17-81
132-->[com.google.firebase:firebase-iid:20.0.2] AndroidManifest.xml:42:25-78
133            </intent-filter>
134        </receiver>
135
136        <activity
136-->[com.google.android.gms:play-services-base:17.1.0] AndroidManifest.xml:23:9-26:75
137            android:name="com.google.android.gms.common.api.GoogleApiActivity"
137-->[com.google.android.gms:play-services-base:17.1.0] AndroidManifest.xml:24:13-79
138            android:exported="false"
138-->[com.google.android.gms:play-services-base:17.1.0] AndroidManifest.xml:25:13-37
139            android:theme="@android:style/Theme.Translucent.NoTitleBar" />
139-->[com.google.android.gms:play-services-base:17.1.0] AndroidManifest.xml:26:13-72
140
141        <receiver
141-->[com.google.android.gms:play-services-measurement:17.2.1] AndroidManifest.xml:29:9-33:20
142            android:name="com.google.android.gms.measurement.AppMeasurementReceiver"
142-->[com.google.android.gms:play-services-measurement:17.2.1] AndroidManifest.xml:30:13-85
143            android:enabled="true"
143-->[com.google.android.gms:play-services-measurement:17.2.1] AndroidManifest.xml:31:13-35
144            android:exported="false" >
144-->[com.google.android.gms:play-services-measurement:17.2.1] AndroidManifest.xml:32:13-37
145        </receiver>
146        <receiver
146-->[com.google.android.gms:play-services-measurement:17.2.1] AndroidManifest.xml:34:9-42:20
147            android:name="com.google.android.gms.measurement.AppMeasurementInstallReferrerReceiver"
147-->[com.google.android.gms:play-services-measurement:17.2.1] AndroidManifest.xml:35:13-100
148            android:enabled="true"
148-->[com.google.android.gms:play-services-measurement:17.2.1] AndroidManifest.xml:36:13-35
149            android:exported="true"
149-->[com.google.android.gms:play-services-measurement:17.2.1] AndroidManifest.xml:37:13-36
150            android:permission="android.permission.INSTALL_PACKAGES" >
150-->[com.google.android.gms:play-services-measurement:17.2.1] AndroidManifest.xml:38:13-69
151            <intent-filter>
151-->[com.google.android.gms:play-services-measurement:17.2.1] AndroidManifest.xml:39:13-41:29
152                <action android:name="com.android.vending.INSTALL_REFERRER" />
152-->[com.google.android.gms:play-services-measurement:17.2.1] AndroidManifest.xml:40:17-79
152-->[com.google.android.gms:play-services-measurement:17.2.1] AndroidManifest.xml:40:25-76
153            </intent-filter>
154        </receiver>
155
156        <service
156-->[com.google.android.gms:play-services-measurement:17.2.1] AndroidManifest.xml:44:9-47:40
157            android:name="com.google.android.gms.measurement.AppMeasurementService"
157-->[com.google.android.gms:play-services-measurement:17.2.1] AndroidManifest.xml:45:13-84
158            android:enabled="true"
158-->[com.google.android.gms:play-services-measurement:17.2.1] AndroidManifest.xml:46:13-35
159            android:exported="false" />
159-->[com.google.android.gms:play-services-measurement:17.2.1] AndroidManifest.xml:47:13-37
160        <service
160-->[com.google.android.gms:play-services-measurement:17.2.1] AndroidManifest.xml:48:9-52:72
161            android:name="com.google.android.gms.measurement.AppMeasurementJobService"
161-->[com.google.android.gms:play-services-measurement:17.2.1] AndroidManifest.xml:49:13-87
162            android:enabled="true"
162-->[com.google.android.gms:play-services-measurement:17.2.1] AndroidManifest.xml:50:13-35
163            android:exported="false"
163-->[com.google.android.gms:play-services-measurement:17.2.1] AndroidManifest.xml:51:13-37
164            android:permission="android.permission.BIND_JOB_SERVICE" />
164-->[com.google.android.gms:play-services-measurement:17.2.1] AndroidManifest.xml:52:13-69
165
166        <provider
166-->[com.google.firebase:firebase-common:19.3.0] AndroidManifest.xml:26:9-30:39
167            android:name="com.google.firebase.provider.FirebaseInitProvider"
167-->[com.google.firebase:firebase-common:19.3.0] AndroidManifest.xml:27:13-77
168            android:authorities="ceng.gui.sportmate.firebaseinitprovider"
168-->[com.google.firebase:firebase-common:19.3.0] AndroidManifest.xml:28:13-72
169            android:exported="false"
169-->[com.google.firebase:firebase-common:19.3.0] AndroidManifest.xml:29:13-37
170            android:initOrder="100" />
170-->[com.google.firebase:firebase-common:19.3.0] AndroidManifest.xml:30:13-36
171
172        <meta-data
172-->[com.google.android.gms:play-services-basement:17.0.0] AndroidManifest.xml:23:9-25:69
173            android:name="com.google.android.gms.version"
173-->[com.google.android.gms:play-services-basement:17.0.0] AndroidManifest.xml:24:13-58
174            android:value="@integer/google_play_services_version" />
174-->[com.google.android.gms:play-services-basement:17.0.0] AndroidManifest.xml:25:13-66
175
176        <service
176-->[com.google.android.datatransport:transport-backend-cct:2.2.0] AndroidManifest.xml:29:9-35:19
177            android:name="com.google.android.datatransport.runtime.backends.TransportBackendDiscovery"
177-->[com.google.android.datatransport:transport-backend-cct:2.2.0] AndroidManifest.xml:30:13-103
178            android:exported="false" >
178-->[com.google.android.datatransport:transport-backend-cct:2.2.0] AndroidManifest.xml:31:13-37
179            <meta-data
179-->[com.google.android.datatransport:transport-backend-cct:2.2.0] AndroidManifest.xml:32:13-34:39
180                android:name="backend:com.google.android.datatransport.cct.CctBackendFactory"
180-->[com.google.android.datatransport:transport-backend-cct:2.2.0] AndroidManifest.xml:33:17-94
181                android:value="cct" />
181-->[com.google.android.datatransport:transport-backend-cct:2.2.0] AndroidManifest.xml:34:17-36
182        </service>
183        <service
183-->[com.google.android.datatransport:transport-runtime:2.2.0] AndroidManifest.xml:26:9-30:19
184            android:name="com.google.android.datatransport.runtime.scheduling.jobscheduling.JobInfoSchedulerService"
184-->[com.google.android.datatransport:transport-runtime:2.2.0] AndroidManifest.xml:27:13-117
185            android:exported="false"
185-->[com.google.android.datatransport:transport-runtime:2.2.0] AndroidManifest.xml:28:13-37
186            android:permission="android.permission.BIND_JOB_SERVICE" >
186-->[com.google.android.datatransport:transport-runtime:2.2.0] AndroidManifest.xml:29:13-69
187        </service>
188
189        <receiver
189-->[com.google.android.datatransport:transport-runtime:2.2.0] AndroidManifest.xml:32:9-34:40
190            android:name="com.google.android.datatransport.runtime.scheduling.jobscheduling.AlarmManagerSchedulerBroadcastReceiver"
190-->[com.google.android.datatransport:transport-runtime:2.2.0] AndroidManifest.xml:33:13-132
191            android:exported="false" />
191-->[com.google.android.datatransport:transport-runtime:2.2.0] AndroidManifest.xml:34:13-37
192    </application>
193
194</manifest>